This is pdfTeX, Version 3.14159265-2.6-1.40.16 (TeX Live 2015/Debian) (preloaded format=pdflatex 2017.11.8)  12 DEC 2017 14:27
entering extended mode
 restricted \write18 enabled.
 %&-line parsing enabled.
**Paper_report.tex
(./Paper_report.tex
LaTeX2e <2016/02/01>
Babel <3.9q> and hyphenation patterns for 81 language(s) loaded.
(/usr/share/texlive/texmf-dist/tex/latex/base/article.cls
Document Class: article 2014/09/29 v1.4h Standard LaTeX document class
(/usr/share/texlive/texmf-dist/tex/latex/base/size10.clo
File: size10.clo 2014/09/29 v1.4h Standard LaTeX file (size option)
)
\c@part=\count79
\c@section=\count80
\c@subsection=\count81
\c@subsubsection=\count82
\c@paragraph=\count83
\c@subparagraph=\count84
\c@figure=\count85
\c@table=\count86
\abovecaptionskip=\skip41
\belowcaptionskip=\skip42
\bibindent=\dimen102
)
(/usr/share/texlive/texmf-dist/tex/latex/graphics/graphicx.sty
Package: graphicx 2014/10/28 v1.0g Enhanced LaTeX Graphics (DPC,SPQR)

(/usr/share/texlive/texmf-dist/tex/latex/graphics/keyval.sty
Package: keyval 2014/10/28 v1.15 key=value parser (DPC)
\KV@toks@=\toks14
)
(/usr/share/texlive/texmf-dist/tex/latex/graphics/graphics.sty
Package: graphics 2016/01/03 v1.0q Standard LaTeX Graphics (DPC,SPQR)

(/usr/share/texlive/texmf-dist/tex/latex/graphics/trig.sty
Package: trig 2016/01/03 v1.10 sin cos tan (DPC)
)
(/usr/share/texlive/texmf-dist/tex/latex/latexconfig/graphics.cfg
File: graphics.cfg 2010/04/23 v1.9 graphics configuration of TeX Live
)
Package graphics Info: Driver file: pdftex.def on input line 95.

(/usr/share/texlive/texmf-dist/tex/latex/pdftex-def/pdftex.def
File: pdftex.def 2011/05/27 v0.06d Graphics/color for pdfTeX

(/usr/share/texlive/texmf-dist/tex/generic/oberdiek/infwarerr.sty
Package: infwarerr 2010/04/08 v1.3 Providing info/warning/error messages (HO)
)
(/usr/share/texlive/texmf-dist/tex/generic/oberdiek/ltxcmds.sty
Package: ltxcmds 2011/11/09 v1.22 LaTeX kernel commands for general use (HO)
)
\Gread@gobject=\count87
))
\Gin@req@height=\dimen103
\Gin@req@width=\dimen104
)
(/usr/share/texlive/texmf-dist/tex/latex/natbib/natbib.sty
Package: natbib 2010/09/13 8.31b (PWD, AO)
\bibhang=\skip43
\bibsep=\skip44
LaTeX Info: Redefining \cite on input line 694.
\c@NAT@ctr=\count88
)
(/usr/share/texlive/texmf-dist/tex/latex/amsmath/amsmath.sty
Package: amsmath 2016/03/03 v2.15a AMS math features
\@mathmargin=\skip45

For additional information on amsmath, use the `?' option.
(/usr/share/texlive/texmf-dist/tex/latex/amsmath/amstext.sty
Package: amstext 2000/06/29 v2.01 AMS text

(/usr/share/texlive/texmf-dist/tex/latex/amsmath/amsgen.sty
File: amsgen.sty 1999/11/30 v2.0 generic functions
\@emptytoks=\toks15
\ex@=\dimen105
))
(/usr/share/texlive/texmf-dist/tex/latex/amsmath/amsbsy.sty
Package: amsbsy 1999/11/29 v1.2d Bold Symbols
\pmbraise@=\dimen106
)
(/usr/share/texlive/texmf-dist/tex/latex/amsmath/amsopn.sty
Package: amsopn 1999/12/14 v2.01 operator names
)
\inf@bad=\count89
LaTeX Info: Redefining \frac on input line 199.
\uproot@=\count90
\leftroot@=\count91
LaTeX Info: Redefining \overline on input line 297.
\classnum@=\count92
\DOTSCASE@=\count93
LaTeX Info: Redefining \ldots on input line 394.
LaTeX Info: Redefining \dots on input line 397.
LaTeX Info: Redefining \cdots on input line 518.
\Mathstrutbox@=\box26
\strutbox@=\box27
\big@size=\dimen107
LaTeX Font Info:    Redeclaring font encoding OML on input line 630.
LaTeX Font Info:    Redeclaring font encoding OMS on input line 631.
\macc@depth=\count94
\c@MaxMatrixCols=\count95
\dotsspace@=\muskip10
\c@parentequation=\count96
\dspbrk@lvl=\count97
\tag@help=\toks16
\row@=\count98
\column@=\count99
\maxfields@=\count100
\andhelp@=\toks17
\eqnshift@=\dimen108
\alignsep@=\dimen109
\tagshift@=\dimen110
\tagwidth@=\dimen111
\totwidth@=\dimen112
\lineht@=\dimen113
\@envbody=\toks18
\multlinegap=\skip46
\multlinetaggap=\skip47
\mathdisplay@stack=\toks19
LaTeX Info: Redefining \[ on input line 2735.
LaTeX Info: Redefining \] on input line 2736.
)
(/usr/share/texlive/texmf-dist/tex/latex/algorithm2e/algorithm2e.sty
Package: algorithm2e 2013/01/06 v5.00 algorithms environments
\c@AlgoLine=\count101

(/usr/share/texlive/texmf-dist/tex/latex/base/ifthen.sty
Package: ifthen 2014/09/29 v1.1c Standard LaTeX ifthen package (DPC)
)
\algocf@hangindent=\skip48

(/usr/share/texlive/texmf-dist/tex/latex/tools/xspace.sty
Package: xspace 2014/10/28 v1.13 Space after command names (DPC,MH)
)
(/usr/share/texlive/texmf-dist/tex/latex/relsize/relsize.sty
Package: relsize 2013/03/29 ver 4.1
)
********************************************************
Package `algorithm2e' Release 5.1 -- october 19 2015 --
- algorithm2e-announce@lirmm.fr mailing list for announcement about releases
- algorithm2e-discussion@lirmm.fr mailing list for discussion about package
subscribe by emailing sympa@lirmm.fr with 'subscribe <list> <firstname name>'
- Author: Christophe Fiorio (christophe.fiorio@umontpellier.fr)
********************************************************
\skiptotal=\skip49
\skiplinenumber=\skip50
\skiprule=\skip51
\skiphlne=\skip52
\skiptext=\skip53
\skiplength=\skip54
\algomargin=\skip55
\skipalgocfslide=\skip56
\algowidth=\dimen114
\inoutsize=\dimen115
\inoutindent=\dimen116
\interspacetitleruled=\dimen117
\interspacealgoruled=\dimen118
\interspacetitleboxruled=\dimen119
\algocf@ruledwidth=\skip57
\algocf@inoutbox=\box28
\algocf@inputbox=\box29
\AlCapSkip=\skip58
\AlCapHSkip=\skip59
\algoskipindent=\skip60
\algocf@nlbox=\box30
\algocf@hangingbox=\box31
\algocf@untilbox=\box32
\algocf@skipuntil=\skip61
\algocf@capbox=\box33
\algoheightruledefault=\skip62
\algoheightrule=\skip63
\algotitleheightruledefault=\skip64
\algotitleheightrule=\skip65
\c@algocfline=\count102
\c@algocfproc=\count103
\c@algocf=\count104
\algocf@algoframe=\box34
\algocf@algobox=\box35
) (./Paper_report.aux)
\openout1 = `Paper_report.aux'.

LaTeX Font Info:    Checking defaults for OML/cmm/m/it on input line 20.
LaTeX Font Info:    ... okay on input line 20.
LaTeX Font Info:    Checking defaults for T1/cmr/m/n on input line 20.
LaTeX Font Info:    ... okay on input line 20.
LaTeX Font Info:    Checking defaults for OT1/cmr/m/n on input line 20.
LaTeX Font Info:    ... okay on input line 20.
LaTeX Font Info:    Checking defaults for OMS/cmsy/m/n on input line 20.
LaTeX Font Info:    ... okay on input line 20.
LaTeX Font Info:    Checking defaults for OMX/cmex/m/n on input line 20.
LaTeX Font Info:    ... okay on input line 20.
LaTeX Font Info:    Checking defaults for U/cmr/m/n on input line 20.
LaTeX Font Info:    ... okay on input line 20.

(/usr/share/texlive/texmf-dist/tex/context/base/supp-pdf.mkii
[Loading MPS to PDF converter (version 2006.09.02).]
\scratchcounter=\count105
\scratchdimen=\dimen120
\scratchbox=\box36
\nofMPsegments=\count106
\nofMParguments=\count107
\everyMPshowfont=\toks20
\MPscratchCnt=\count108
\MPscratchDim=\dimen121
\MPnumerator=\count109
\makeMPintoPDFobject=\count110
\everyMPtoPDFconversion=\toks21
) (/usr/share/texlive/texmf-dist/tex/generic/oberdiek/pdftexcmds.sty
Package: pdftexcmds 2011/11/29 v0.20 Utility functions of pdfTeX for LuaTeX (HO
)

(/usr/share/texlive/texmf-dist/tex/generic/oberdiek/ifluatex.sty
Package: ifluatex 2010/03/01 v1.3 Provides the ifluatex switch (HO)
Package ifluatex Info: LuaTeX not detected.
)
(/usr/share/texlive/texmf-dist/tex/generic/oberdiek/ifpdf.sty
Package: ifpdf 2011/01/30 v2.3 Provides the ifpdf switch (HO)
Package ifpdf Info: pdfTeX in PDF mode is detected.
)
Package pdftexcmds Info: LuaTeX not detected.
Package pdftexcmds Info: \pdf@primitive is available.
Package pdftexcmds Info: \pdf@ifprimitive is available.
Package pdftexcmds Info: \pdfdraftmode found.
)
(/usr/share/texlive/texmf-dist/tex/latex/oberdiek/epstopdf-base.sty
Package: epstopdf-base 2010/02/09 v2.5 Base part for package epstopdf

(/usr/share/texlive/texmf-dist/tex/latex/oberdiek/grfext.sty
Package: grfext 2010/08/19 v1.1 Manage graphics extensions (HO)

(/usr/share/texlive/texmf-dist/tex/generic/oberdiek/kvdefinekeys.sty
Package: kvdefinekeys 2011/04/07 v1.3 Define keys (HO)
))
(/usr/share/texlive/texmf-dist/tex/latex/oberdiek/kvoptions.sty
Package: kvoptions 2011/06/30 v3.11 Key value format for package options (HO)

(/usr/share/texlive/texmf-dist/tex/generic/oberdiek/kvsetkeys.sty
Package: kvsetkeys 2012/04/25 v1.16 Key value parser (HO)

(/usr/share/texlive/texmf-dist/tex/generic/oberdiek/etexcmds.sty
Package: etexcmds 2011/02/16 v1.5 Avoid name clashes with e-TeX commands (HO)
Package etexcmds Info: Could not find \expanded.
(etexcmds)             That can mean that you are not using pdfTeX 1.50 or
(etexcmds)             that some package has redefined \expanded.
(etexcmds)             In the latter case, load this package earlier.
)))
Package grfext Info: Graphics extension search list:
(grfext)             [.png,.pdf,.jpg,.mps,.jpeg,.jbig2,.jb2,.PNG,.PDF,.JPG,.JPE
G,.JBIG2,.JB2,.eps]
(grfext)             \AppendGraphicsExtensions on input line 452.

(/usr/share/texlive/texmf-dist/tex/latex/latexconfig/epstopdf-sys.cfg
File: epstopdf-sys.cfg 2010/07/13 v1.3 Configuration of (r)epstopdf for TeX Liv
e
))
(./Paper_report.toc [1

{/var/lib/texmf/fonts/map/pdftex/updmap/pdftex.map}]
Overfull \hbox (10.08525pt too wide) in paragraph at lines 50--50
 [][] []\OT1/cmr/m/n/10 Assumption about HMM align-ment prob-a-bil-ity $\OML/cm
m/m/it/10 p\OT1/cmr/m/n/10 (\OML/cmm/m/it/10 a[]\OMS/cmsy/m/n/10 j\OML/cmm/m/it
/10 a[]; I\OT1/cmr/m/n/10 )$ 
 []

[2])
\tf@toc=\write3
\openout3 = `Paper_report.toc'.

 [3]
LaTeX Font Info:    Try loading font information for OMS+cmr on input line 44.
 (/usr/share/texlive/texmf-dist/tex/latex/base/omscmr.fd
File: omscmr.fd 2014/09/29 v2.5h Standard LaTeX font definitions
)
LaTeX Font Info:    Font shape `OMS/cmr/m/n' in size <10> not available
(Font)              Font shape `OMS/cmsy/m/n' tried instead on input line 44.

Overfull \hbox (18.13988pt too wide) detected at line 57
\OML/cmm/m/it/10 p\OT1/cmr/m/n/10 (\OML/cmm/m/it/10 x\OT1/cmr/m/n/10 ) = [] \OM
L/cmm/m/it/10 p\OT1/cmr/m/n/10 (\OML/cmm/m/it/10 X; Z\OT1/cmr/m/n/10 ) = \OML/c
mm/m/it/10 E[]\OT1/cmr/m/n/10 [[] \OML/cmm/m/it/10 p\OT1/cmr/m/n/10 (\OML/cmm/m
/it/10 X; Z\OMS/cmsy/m/n/10 j\OML/cmm/m/it/10 ^^R\OT1/cmr/m/n/10 )] + \OML/cmm/
m/it/10 H\OT1/cmr/m/n/10 [\OML/cmm/m/it/10 q\OT1/cmr/m/n/10 (\OML/cmm/m/it/10 Z
\OT1/cmr/m/n/10 )] + \OML/cmm/m/it/10 KL\OT1/cmr/m/n/10 (\OML/cmm/m/it/10 q\OT1
/cmr/m/n/10 (\OML/cmm/m/it/10 Z\OT1/cmr/m/n/10 )\OMS/cmsy/m/n/10 jj\OML/cmm/m/i
t/10 p\OT1/cmr/m/n/10 (\OML/cmm/m/it/10 Z\OMS/cmsy/m/n/10 j\OML/cmm/m/it/10 X; 
^^R\OT1/cmr/m/n/10 ))
 []

[4]
Underfull \hbox (badness 10000) in paragraph at lines 88--89

 []


Underfull \hbox (badness 10000) in paragraph at lines 90--91

 []


Overfull \hbox (31.6809pt too wide) in paragraph at lines 109--110
[]\OT1/cmr/m/n/10 Input: A sen-tence $\OML/cmm/m/it/10 X \OT1/cmr/m/n/10 = \OML
/cmm/m/it/10 x[]; :::; x[]; :::x[]$\OT1/cmr/m/n/10 , a set of vo-cab-u-lary $\O
ML/cmm/m/it/10 W \OT1/cmr/m/n/10 = \OML/cmm/m/it/10 w[]; :::; w[]; :::w[]$
 []

[5]
Underfull \hbox (badness 10000) in paragraph at lines 120--123

 []

[6] [7] [8]
Overfull \hbox (87.23282pt too wide) detected at line 249
\OML/cmm/m/it/10 Loss[]\OT1/cmr/m/n/10 (\OML/cmm/m/it/10 ^^R[]\OMS/cmsy/m/n/10 
j\OML/cmm/m/it/10 W\OT1/cmr/m/n/10 ) = \OMS/cmsy/m/n/10 ^^@[] [] [] \OML/cmm/m/
it/10 P[]\OT1/cmr/m/n/10 (\OML/cmm/m/it/10 source \OT1/cmr/m/n/10 = \OML/cmm/m/
it/10 true\OMS/cmsy/m/n/10 j\OML/cmm/m/it/10 Wx[]\OT1/cmr/m/n/10 ) \OMS/cmsy/m/
n/10 ^^@ [] [] [] \OML/cmm/m/it/10 P[]\OT1/cmr/m/n/10 (\OML/cmm/m/it/10 source 
\OT1/cmr/m/n/10 = \OML/cmm/m/it/10 false\OMS/cmsy/m/n/10 j\OML/cmm/m/it/10 y[]\
OT1/cmr/m/n/10 )
 []


Overfull \hbox (89.0763pt too wide) detected at line 255
\OML/cmm/m/it/10 Loss[]\OT1/cmr/m/n/10 (\OML/cmm/m/it/10 W\OMS/cmsy/m/n/10 j\OM
L/cmm/m/it/10 ^^R[]\OT1/cmr/m/n/10 ) = \OMS/cmsy/m/n/10 ^^@[] [] [] \OML/cmm/m/
it/10 P[]\OT1/cmr/m/n/10 (\OML/cmm/m/it/10 source \OT1/cmr/m/n/10 = \OML/cmm/m/
it/10 false\OMS/cmsy/m/n/10 j\OML/cmm/m/it/10 Wx[]\OT1/cmr/m/n/10 ) \OMS/cmsy/m
/n/10 ^^@ [] [] [] \OML/cmm/m/it/10 P[]\OT1/cmr/m/n/10 (\OML/cmm/m/it/10 source
 \OT1/cmr/m/n/10 = \OML/cmm/m/it/10 true\OMS/cmsy/m/n/10 j\OML/cmm/m/it/10 y[]\
OT1/cmr/m/n/10 )
 []

[9]
Overfull \hbox (3.77843pt too wide) in paragraph at lines 270--273
[]\OT1/cmr/m/n/10 Stopping con-di-tion/Best hyper-parameters se-lec-tion - Val-
i-da-tion step: Sim-
 []

[10]
Underfull \hbox (badness 10000) in paragraph at lines 351--352

 []


Underfull \hbox (badness 10000) in paragraph at lines 362--364

 []


Overfull \hbox (52.02483pt too wide) in paragraph at lines 365--366
[]\OT1/cmr/m/n/10 This pos-te-rior $\OML/cmm/m/it/10 q\OT1/cmr/m/n/10 (\OML/cmm
/m/it/10 z\OT1/cmr/m/n/10 ; \OML/cmm/m/it/10 x\OT1/cmr/m/n/10 )$ could show the
 dis-agree-ment be-cause this prod-uct $\OML/cmm/m/it/10 p[]\OT1/cmr/m/n/10 (\O
ML/cmm/m/it/10 z\OMS/cmsy/m/n/10 j\OML/cmm/m/it/10 x\OT1/cmr/m/n/10 ; \OML/cmm/
m/it/10 ^^R[]\OT1/cmr/m/n/10 )\OML/cmm/m/it/10 p[]\OT1/cmr/m/n/10 (\OML/cmm/m/i
t/10 z\OMS/cmsy/m/n/10 j\OML/cmm/m/it/10 x\OT1/cmr/m/n/10 ; \OML/cmm/m/it/10 ^^
R[]\OT1/cmr/m/n/10 )$
 []

[11] [12]
Overfull \hbox (21.33069pt too wide) detected at line 411
\OML/cmm/m/it/10 t[]\OT1/cmr/m/n/10 (\OML/cmm/m/it/10 a[]; a[]\OMS/cmsy/m/n/10 
j\OML/cmm/m/it/10 e; f\OT1/cmr/m/n/10 ) = \OML/cmm/m/it/10 t[]\OT1/cmr/m/n/10 (
\OML/cmm/m/it/10 a[] \OMS/cmsy/m/n/10 ^^@ \OML/cmm/m/it/10 a[]\OMS/cmsy/m/n/10 
j\OML/cmm/m/it/10 window\OT1/cmr/m/n/10 (\OML/cmm/m/it/10 f[]\OT1/cmr/m/n/10 ))
 = \OML/cmm/m/it/10 functions[]\OT1/cmr/m/n/10 (\OML/cmm/m/it/10 window\OT1/cmr
/m/n/10 (\OML/cmm/m/it/10 f[]\OT1/cmr/m/n/10 ))
 []

[13]
Overfull \hbox (34.9597pt too wide) detected at line 467
\OML/cmm/m/it/10 s[]\OT1/cmr/m/n/10 (\OML/cmm/m/it/10 a[]\OMS/cmsy/m/n/10 j\OML
/cmm/m/it/10 e[]; f[]\OT1/cmr/m/n/10 ) = [] \OML/cmm/m/it/10 t[]\OT1/cmr/m/n/10
 (\OML/cmm/m/it/10 a[]; a[]\OMS/cmsy/m/n/10 j\OML/cmm/m/it/10 window\OT1/cmr/m/
n/10 (\OML/cmm/m/it/10 e[]\OT1/cmr/m/n/10 )) \OMS/cmsy/m/n/10 ^^C \OML/cmm/m/it
/10 t[]\OT1/cmr/m/n/10 (\OML/cmm/m/it/10 f[]; e[]\OMS/cmsy/m/n/10 j\OML/cmm/m/i
t/10 window\OT1/cmr/m/n/10 (\OML/cmm/m/it/10 e[]\OT1/cmr/m/n/10 )\OML/cmm/m/it/
10 ; window\OT1/cmr/m/n/10 (\OML/cmm/m/it/10 f[]\OT1/cmr/m/n/10 ))
 []

[14]
Underfull \hbox (badness 10000) in paragraph at lines 530--531

 []

[15]
Underfull \hbox (badness 10000) in paragraph at lines 532--533

 []


Underfull \hbox (badness 10000) in paragraph at lines 534--535

 []


Overfull \hbox (3.17303pt too wide) in paragraph at lines 542--542
[]\OT1/cmr/bx/n/14.4 Hierarchical Mul-ti-scale Re-cur-rent Neu-ral Net-
 []


Underfull \hbox (badness 10000) in paragraph at lines 549--550

 []

[16] [17] [18]
Underfull \hbox (badness 10000) in paragraph at lines 649--650

 []

[19] [20]
Underfull \hbox (badness 10000) in paragraph at lines 745--746

 []


Underfull \hbox (badness 10000) in paragraph at lines 756--758

 []

[21]
Underfull \hbox (badness 10000) in paragraph at lines 761--764

 []


Overfull \hbox (43.39908pt too wide) in paragraph at lines 771--772
[]$\OT1/cmr/m/n/10 = [][] [][] \OML/cmm/m/it/10 p[]\OT1/cmr/m/n/10 (\OML/cmm/m/
it/10 a[]\OMS/cmsy/m/n/10 j\OML/cmm/m/it/10 f[]; e[]\OT1/cmr/m/n/10 )  \OMS/cms
y/m/n/10 5 \OML/cmm/m/it/10 log p[]\OT1/cmr/m/n/10 (\OML/cmm/m/it/10 f[]\OMS/cm
sy/m/n/10 j\OML/cmm/m/it/10 e[]\OT1/cmr/m/n/10 )  + \OML/cmm/m/it/10 p[]\OT1/cm
r/m/n/10 (\OML/cmm/m/it/10 a[]; a[]\OMS/cmsy/m/n/10 j\OML/cmm/m/it/10 f[]; e[]\
OT1/cmr/m/n/10 )  \OMS/cmsy/m/n/10 5 \OML/cmm/m/it/10 log p[]\OT1/cmr/m/n/10 (\
OML/cmm/m/it/10 a[]\OMS/cmsy/m/n/10 j\OML/cmm/m/it/10 a[]\OT1/cmr/m/n/10 )]$ 
 []


Underfull \hbox (badness 10000) in paragraph at lines 773--775

 []


Overfull \hbox (14.95107pt too wide) detected at line 779
\OML/cmm/m/it/10 J\OT1/cmr/m/n/10 (\OML/cmm/m/it/10 ^^R\OT1/cmr/m/n/10 ) = [] [
] \OML/cmm/m/it/10 p[]\OT1/cmr/m/n/10 (\OML/cmm/m/it/10 a[]\OMS/cmsy/m/n/10 j\O
ML/cmm/m/it/10 f[]\OT1/cmr/m/n/10 )  \OMS/cmsy/m/n/10 5 \OML/cmm/m/it/10 log p[
]\OT1/cmr/m/n/10 (\OML/cmm/m/it/10 f[]\OMS/cmsy/m/n/10 j\OML/cmm/m/it/10 e[]\OT
1/cmr/m/n/10 )  + \OML/cmm/m/it/10 p[]\OT1/cmr/m/n/10 (\OML/cmm/m/it/10 a[]; a[
]\OMS/cmsy/m/n/10 j\OML/cmm/m/it/10 f[]\OT1/cmr/m/n/10 )  \OMS/cmsy/m/n/10 5 \O
ML/cmm/m/it/10 log p[]\OT1/cmr/m/n/10 (\OML/cmm/m/it/10 a[]\OMS/cmsy/m/n/10 j\O
ML/cmm/m/it/10 a[]\OT1/cmr/m/n/10 )]
 []

[22]
Overfull \hbox (5.08537pt too wide) in paragraph at lines 822--825
[]$\OML/cmm/m/it/10 J\OT1/cmr/m/n/10 (\OML/cmm/m/it/10 ^^R\OT1/cmr/m/n/10 ) = [
][] [][] \OML/cmm/m/it/10 p[]\OT1/cmr/m/n/10 (\OML/cmm/m/it/10 a[]\OMS/cmsy/m/n
/10 j\OML/cmm/m/it/10 f[]\OT1/cmr/m/n/10 )  \OMS/cmsy/m/n/10 5 \OML/cmm/m/it/10
 log p[]\OT1/cmr/m/n/10 (\OML/cmm/m/it/10 f[]\OMS/cmsy/m/n/10 j\OML/cmm/m/it/10
 e[]\OT1/cmr/m/n/10 )  + \OML/cmm/m/it/10 p[]\OT1/cmr/m/n/10 (\OML/cmm/m/it/10 
a[]; a[]\OMS/cmsy/m/n/10 j\OML/cmm/m/it/10 f[]\OT1/cmr/m/n/10 )  \OMS/cmsy/m/n/
10 5 \OML/cmm/m/it/10 log p[]\OT1/cmr/m/n/10 (\OML/cmm/m/it/10 a[]\OMS/cmsy/m/n
/10 j\OML/cmm/m/it/10 a[]\OT1/cmr/m/n/10 )]$ 
 []

[23]
Overfull \hbox (30.40001pt too wide) detected at line 885
[][] 
 []

[24] (./Paper_report.bbl) [25] (./Paper_report.aux) ) 
Here is how much of TeX's memory you used:
 3462 strings out of 493029
 48951 string characters out of 6136234
 126899 words of memory out of 5000000
 6961 multiletter control sequences out of 15000+600000
 10295 words of font info for 37 fonts, out of 8000000 for 9000
 1141 hyphenation exceptions out of 8191
 38i,16n,28p,368b,355s stack positions out of 5000i,500n,10000p,200000b,80000s
</usr/share/texlive/texmf-
dist/fonts/type1/public/amsfonts/cm/cmbx10.pfb></usr/share/texlive/texmf-dist/f
onts/type1/public/amsfonts/cm/cmbx12.pfb></usr/share/texlive/texmf-dist/fonts/t
ype1/public/amsfonts/cm/cmbx7.pfb></usr/share/texlive/texmf-dist/fonts/type1/pu
blic/amsfonts/cm/cmex10.pfb></usr/share/texlive/texmf-dist/fonts/type1/public/a
msfonts/cm/cmmi10.pfb></usr/share/texlive/texmf-dist/fonts/type1/public/amsfont
s/cm/cmmi5.pfb></usr/share/texlive/texmf-dist/fonts/type1/public/amsfonts/cm/cm
mi7.pfb></usr/share/texlive/texmf-dist/fonts/type1/public/amsfonts/cm/cmr10.pfb
></usr/share/texlive/texmf-dist/fonts/type1/public/amsfonts/cm/cmr12.pfb></usr/
share/texlive/texmf-dist/fonts/type1/public/amsfonts/cm/cmr17.pfb></usr/share/t
exlive/texmf-dist/fonts/type1/public/amsfonts/cm/cmr5.pfb></usr/share/texlive/t
exmf-dist/fonts/type1/public/amsfonts/cm/cmr7.pfb></usr/share/texlive/texmf-dis
t/fonts/type1/public/amsfonts/cm/cmsy10.pfb></usr/share/texlive/texmf-dist/font
s/type1/public/amsfonts/cm/cmsy5.pfb></usr/share/texlive/texmf-dist/fonts/type1
/public/amsfonts/cm/cmsy7.pfb></usr/share/texlive/texmf-dist/fonts/type1/public
/amsfonts/cm/cmti10.pfb>
Output written on Paper_report.pdf (25 pages, 254771 bytes).
PDF statistics:
 150 PDF objects out of 1000 (max. 8388607)
 105 compressed objects within 2 object streams
 0 named destinations out of 1000 (max. 500000)
 1 words of extra memory for PDF output out of 10000 (max. 10000000)

